{
  "stats": {
    "suites": 1,
    "tests": 2,
    "passes": 2,
    "pending": 0,
    "failures": 0,
    "start": "2025-02-27T04:51:29.646Z",
    "end": "2025-02-27T04:51:45.337Z",
    "duration": 15691,
    "testsRegistered": 2,
    "passPercent": 100,
    "pendingPercent": 0,
    "other": 0,
    "hasOther": false,
    "skipped": 0,
    "hasSkipped": false
  },
  "results": [
    {
      "uuid": "00c162bf-fa85-47a7-aaa9-fec77328486b",
      "title": "",
      "fullFile": "cypress\\e2e\\Testcase\\TC_01_Login.cy.js",
      "file": "cypress\\e2e\\Testcase\\TC_01_Login.cy.js",
      "beforeHooks": [],
      "afterHooks": [],
      "tests": [],
      "suites": [
        {
          "uuid": "1ef60c6b-2851-466f-9a19-812f7c7e02ea",
          "title": "Login Page",
          "fullFile": "",
          "file": "",
          "beforeHooks": [],
          "afterHooks": [],
          "tests": [
            {
              "title": "should login with valid credentials",
              "fullTitle": "Login Page should login with valid credentials",
              "timedOut": null,
              "duration": 4660,
              "state": "passed",
              "speed": "fast",
              "pass": true,
              "fail": false,
              "pending": false,
              "context": null,
              "code": "cy.fixture('loginData').then(data => {\n  // Log data to check if it's loaded correctly\n  cy.log('Correct Username:', data.correctUsername);\n  cy.log('Correct Password:', data.correctPassword);\n  if (!data.correctUsername || !data.correctPassword) {\n    throw new Error('Missing valid login credentials');\n  }\n  LoginPage.fillUsername(data.correctUsername);\n  LoginPage.fillPassword(data.correctPassword);\n  LoginPage.submit();\n  //LoginPage.assertLoginSuccess();  // Ensure to assert a successful login\n});",
              "err": {},
              "uuid": "16e92144-d6f0-48ed-b865-9f413b974298",
              "parentUUID": "1ef60c6b-2851-466f-9a19-812f7c7e02ea",
              "isHook": false,
              "skipped": false
            },
            {
              "title": "should show error with invalid credentials",
              "fullTitle": "Login Page should show error with invalid credentials",
              "timedOut": null,
              "duration": 8061,
              "state": "passed",
              "speed": "medium",
              "pass": true,
              "fail": false,
              "pending": false,
              "context": null,
              "code": "cy.fixture('loginData').then(data => {\n  // Log data to check if it's loaded correctly\n  cy.log('Incorrect Username:', data.incorrectUsername);\n  cy.log('Incorrect Password:', data.incorrectPassword);\n  if (!data.incorrectUsername || !data.incorrectPassword) {\n    new Error('Missing invalid login credentials');\n  }\n  LoginPage.fillUsername(data.incorrectUsername);\n  LoginPage.fillPassword(data.incorrectPassword);\n  LoginPage.submit();\n  //LoginPage.assertLoginErrorMessage();  // Ensure to assert an error message\n});\nit('should not log successfully with incorrect form data', function () {\n  //Enter an incorrect username and password\n  cy.get('#username').clear();\n  cy.get('#password').clear();\n  cy.get('#login-button').should('be.enabled').click();\n  //Assertions for url and Login button\n  cy.url().should('be.oneOf', ['https://www.rememberthemilk.com/login/?cp=1', 'https://www.rememberthemilk.com/login/?tryagain=1&cp=1']);\n  cy.get('#login-button').should('exist').should('be.visible').and('contain.text', 'Log in');\n  // Verify error message is displayed\n  //cy.get('#errorMessage').should('exist').and('be.visible').and('contain', 'Invalid credentials');\n});",
              "err": {},
              "uuid": "41c92467-4f4c-4abf-8e3e-cd494df2feb0",
              "parentUUID": "1ef60c6b-2851-466f-9a19-812f7c7e02ea",
              "isHook": false,
              "skipped": false
            }
          ],
          "suites": [],
          "passes": [
            "16e92144-d6f0-48ed-b865-9f413b974298",
            "41c92467-4f4c-4abf-8e3e-cd494df2feb0"
          ],
          "failures": [],
          "pending": [],
          "skipped": [],
          "duration": 12721,
          "root": false,
          "rootEmpty": false,
          "_timeout": 2000
        }
      ],
      "passes": [],
      "failures": [],
      "pending": [],
      "skipped": [],
      "duration": 0,
      "root": true,
      "rootEmpty": true,
      "_timeout": 2000
    }
  ],
  "meta": {
    "mocha": {
      "version": "7.0.1"
    },
    "mochawesome": {
      "options": {
        "quiet": false,
        "reportFilename": "mochawesome",
        "saveHtml": true,
        "saveJson": true,
        "consoleReporter": "spec",
        "useInlineDiffs": false,
        "code": true
      },
      "version": "7.1.3"
    },
    "marge": {
      "options": {
        "reportDir": "cypress/reports",
        "overwrite": false,
        "html": true,
        "json": true,
        "charts": true
      },
      "version": "6.2.0"
    }
  }
}