{
  "stats": {
    "suites": 1,
    "tests": 1,
    "passes": 1,
    "pending": 0,
    "failures": 0,
    "start": "2025-02-27T04:52:29.012Z",
    "end": "2025-02-27T04:52:40.578Z",
    "duration": 11566,
    "testsRegistered": 1,
    "passPercent": 100,
    "pendingPercent": 0,
    "other": 0,
    "hasOther": false,
    "skipped": 0,
    "hasSkipped": false
  },
  "results": [
    {
      "uuid": "1c32beb2-ba15-476f-bd90-49cfdc44271b",
      "title": "",
      "fullFile": "cypress\\e2e\\Testcase\\TC_04_DeleteTask.cy.js",
      "file": "cypress\\e2e\\Testcase\\TC_04_DeleteTask.cy.js",
      "beforeHooks": [],
      "afterHooks": [],
      "tests": [],
      "suites": [
        {
          "uuid": "71a18a9a-aac2-4a61-95d8-bc67efa5ce4d",
          "title": "Logout Test Case",
          "fullFile": "",
          "file": "",
          "beforeHooks": [],
          "afterHooks": [],
          "tests": [
            {
              "title": "delete a specific task",
              "fullTitle": "Logout Test Case delete a specific task",
              "timedOut": null,
              "duration": 9358,
              "state": "passed",
              "speed": "medium",
              "pass": true,
              "fail": false,
              "pending": false,
              "context": null,
              "code": "cy.fixture('loginData').then(data => {\n  // Log data to check if it's loaded correctly\n  cy.log('Correct Username:', data.correctUsername);\n  cy.log('Correct Password:', data.correctPassword);\n  if (!data.correctUsername || !data.correctPassword) {\n    throw new Error('Missing valid login credentials');\n  }\n  LoginPage.fillUsername(data.correctUsername);\n  LoginPage.fillPassword(data.correctPassword);\n  LoginPage.submit();\n  cy.wait(4000);\n  //LoginPage.assertLoginSuccess();  // Ensure to assert a successful login\n  cy.get('.b-bT-Sj-jX-lX').click().type('Add a new task-1').type('{Enter}');\n  cy.get('.b-bT-Sj-jX-lX').click().type('Add a new task-2').type('{Enter}');\n  //cy.get('#\\:29 > .b-ib-dS-AS-ES > .b-AS').type('{delete}');\n  //cy.get('#\\:1u > .m-n-o-mB-Uj').click()\n  //<div class=\"m-JU-Xp m-n-o-mB-Uj\" style=\"user-select: none;\"><div class=\"m-JU-Xp m-n-o-FE-Uj\" style=\"user-select: none;\"></div></div>\n});",
              "err": {},
              "uuid": "565e2006-052a-4647-8800-114bfa60ba98",
              "parentUUID": "71a18a9a-aac2-4a61-95d8-bc67efa5ce4d",
              "isHook": false,
              "skipped": false
            }
          ],
          "suites": [],
          "passes": [
            "565e2006-052a-4647-8800-114bfa60ba98"
          ],
          "failures": [],
          "pending": [],
          "skipped": [],
          "duration": 9358,
          "root": false,
          "rootEmpty": false,
          "_timeout": 2000
        }
      ],
      "passes": [],
      "failures": [],
      "pending": [],
      "skipped": [],
      "duration": 0,
      "root": true,
      "rootEmpty": true,
      "_timeout": 2000
    }
  ],
  "meta": {
    "mocha": {
      "version": "7.0.1"
    },
    "mochawesome": {
      "options": {
        "quiet": false,
        "reportFilename": "mochawesome",
        "saveHtml": true,
        "saveJson": true,
        "consoleReporter": "spec",
        "useInlineDiffs": false,
        "code": true
      },
      "version": "7.1.3"
    },
    "marge": {
      "options": {
        "reportDir": "cypress/reports",
        "overwrite": false,
        "html": true,
        "json": true,
        "charts": true
      },
      "version": "6.2.0"
    }
  }
}